<?xml version="1.0" encoding="UTF-8"?>
<coverage generated="1789238285597" clover="3.2.0">
  <project timestamp="1789238285597" name="All files">
    <metrics statements="91" coveredstatements="89" conditionals="46" coveredconditionals="36" methods="12" coveredmethods="9" elements="149" coveredelements="134" complexity="0" loc="91" ncloc="91" packages="1" files="1" classes="1"/>
    <file name="script.js" path="C:\Users\Anjali Choudhary\Desktop\ToDoList\To-Do-List\script.js">
      <metrics statements="91" coveredstatements="89" conditionals="46" coveredconditionals="36" methods="12" coveredmethods="9"/>
      <line num="1" count="18" type="stmt"/>
      <line num="2" count="18" type="stmt"/>
      <line num="4" count="18" type="stmt"/>
      <line num="8" count="10" type="cond" truecount="2" falsecount="0"/>
      <line num="9" count="1" type="stmt"/>
      <line num="10" count="1" type="stmt"/>
      <line num="11" count="0" type="stmt"/>
      <line num="13" count="1" type="stmt"/>
      <line num="16" count="9" type="stmt"/>
      <line num="17" count="9" type="stmt"/>
      <line num="19" count="9" type="cond" truecount="1" falsecount="1"/>
      <line num="20" count="9" type="stmt"/>
      <line num="23" count="9" type="stmt"/>
      <line num="28" count="9" type="cond" truecount="2" falsecount="0"/>
      <line num="29" count="1" type="stmt"/>
      <line num="30" count="1" type="stmt"/>
      <line num="31" count="1" type="stmt"/>
      <line num="32" count="0" type="stmt"/>
      <line num="34" count="1" type="stmt"/>
      <line num="37" count="8" type="stmt"/>
      <line num="38" count="8" type="stmt"/>
      <line num="42" count="10" type="stmt"/>
      <line num="48" count="10" type="cond" truecount="2" falsecount="0"/>
      <line num="49" count="1" type="stmt"/>
      <line num="50" count="1" type="stmt"/>
      <line num="53" count="9" type="cond" truecount="1" falsecount="1"/>
      <line num="57" count="8" type="stmt"/>
      <line num="58" count="8" type="stmt"/>
      <line num="59" count="8" type="stmt"/>
      <line num="60" count="8" type="cond" truecount="1" falsecount="1"/>
      <line num="62" count="8" type="cond" truecount="2" falsecount="0"/>
      <line num="63" count="7" type="stmt"/>
      <line num="64" count="7" type="stmt"/>
      <line num="65" count="7" type="stmt"/>
      <line num="66" count="7" type="stmt"/>
      <line num="69" count="8" type="stmt"/>
      <line num="70" count="8" type="stmt"/>
      <line num="71" count="8" type="stmt"/>
      <line num="72" count="8" type="stmt"/>
      <line num="75" count="18" type="stmt"/>
      <line num="76" count="3" type="cond" truecount="2" falsecount="0"/>
      <line num="77" count="1" type="stmt"/>
      <line num="78" count="1" type="stmt"/>
      <line num="79" count="1" type="stmt"/>
      <line num="80" count="1" type="stmt"/>
      <line num="81" count="1" type="cond" truecount="1" falsecount="1"/>
      <line num="83" count="2" type="cond" truecount="1" falsecount="1"/>
      <line num="84" count="2" type="stmt"/>
      <line num="85" count="2" type="stmt"/>
      <line num="86" count="2" type="stmt"/>
      <line num="87" count="2" type="cond" truecount="2" falsecount="0"/>
      <line num="88" count="1" type="stmt"/>
      <line num="89" count="1" type="stmt"/>
      <line num="91" count="1" type="stmt"/>
      <line num="96" count="17" type="stmt"/>
      <line num="97" count="17" type="stmt"/>
      <line num="99" count="17" type="stmt"/>
      <line num="105" count="17" type="cond" truecount="2" falsecount="0"/>
      <line num="106" count="1" type="stmt"/>
      <line num="107" count="1" type="stmt"/>
      <line num="110" count="16" type="stmt"/>
      <line num="111" count="16" type="stmt"/>
      <line num="115" count="17" type="stmt"/>
      <line num="116" count="17" type="cond" truecount="2" falsecount="0"/>
      <line num="118" count="1" type="stmt"/>
      <line num="119" count="1" type="cond" truecount="2" falsecount="0"/>
      <line num="120" count="1" type="cond" truecount="1" falsecount="1"/>
      <line num="122" count="1" type="stmt"/>
      <line num="123" count="1" type="cond" truecount="1" falsecount="1"/>
      <line num="124" count="1" type="stmt"/>
      <line num="126" count="1" type="stmt"/>
      <line num="127" count="1" type="cond" truecount="1" falsecount="1"/>
      <line num="129" count="1" type="stmt"/>
      <line num="130" count="1" type="cond" truecount="1" falsecount="1"/>
      <line num="134" count="18" type="stmt"/>
      <line num="135" count="18" type="cond" truecount="2" falsecount="0"/>
      <line num="136" count="14" type="stmt"/>
      <line num="137" count="1" type="stmt"/>
      <line num="138" count="1" type="stmt"/>
      <line num="143" count="18" type="stmt"/>
      <line num="144" count="18" type="cond" truecount="2" falsecount="0"/>
      <line num="145" count="1" type="stmt"/>
      <line num="146" count="1" type="stmt"/>
      <line num="148" count="17" type="stmt"/>
      <line num="151" count="18" type="stmt"/>
      <line num="152" count="18" type="stmt"/>
      <line num="153" count="18" type="cond" truecount="2" falsecount="0"/>
      <line num="154" count="17" type="stmt"/>
      <line num="155" count="17" type="stmt"/>
      <line num="158" count="18" type="cond" truecount="3" falsecount="1"/>
      <line num="159" count="18" type="stmt"/>
    </file>
  </project>
</coverage>
