{"C:\\Users\\Anjali Choudhary\\Desktop\\ToDoList\\To-Do-List\\script.js": {"path":"C:\\Users\\Anjali Choudhary\\Desktop\\ToDoList\\To-Do-List\\script.js","statementMap":{"0":{"start":{"line":1,"column":18},"end":{"line":1,"column":54}},"1":{"start":{"line":2,"column":22},"end":{"line":2,"column":62}},"2":{"start":{"line":4,"column":26},"end":{"line":4,"column":30}},"3":{"start":{"line":8,"column":4},"end":{"line":14,"column":5}},"4":{"start":{"line":9,"column":8},"end":{"line":9,"column":41}},"5":{"start":{"line":10,"column":8},"end":{"line":12,"column":16}},"6":{"start":{"line":11,"column":12},"end":{"line":11,"column":48}},"7":{"start":{"line":13,"column":8},"end":{"line":13,"column":15}},"8":{"start":{"line":16,"column":34},"end":{"line":16,"column":72}},"9":{"start":{"line":17,"column":19},"end":{"line":17,"column":46}},"10":{"start":{"line":19,"column":4},"end":{"line":21,"column":5}},"11":{"start":{"line":20,"column":8},"end":{"line":20,"column":67}},"12":{"start":{"line":23,"column":28},"end":{"line":26,"column":17}},"13":{"start":{"line":28,"column":4},"end":{"line":35,"column":5}},"14":{"start":{"line":29,"column":8},"end":{"line":29,"column":60}},"15":{"start":{"line":30,"column":8},"end":{"line":30,"column":41}},"16":{"start":{"line":31,"column":8},"end":{"line":33,"column":16}},"17":{"start":{"line":32,"column":12},"end":{"line":32,"column":48}},"18":{"start":{"line":34,"column":8},"end":{"line":34,"column":15}},"19":{"start":{"line":37,"column":4},"end":{"line":37,"column":24}},"20":{"start":{"line":38,"column":4},"end":{"line":38,"column":25}},"21":{"start":{"line":42,"column":28},"end":{"line":46,"column":17}},"22":{"start":{"line":48,"column":4},"end":{"line":51,"column":5}},"23":{"start":{"line":49,"column":8},"end":{"line":49,"column":66}},"24":{"start":{"line":50,"column":8},"end":{"line":50,"column":20}},"25":{"start":{"line":53,"column":4},"end":{"line":53,"column":40}},"26":{"start":{"line":57,"column":13},"end":{"line":57,"column":41}},"27":{"start":{"line":58,"column":4},"end":{"line":58,"column":34}},"28":{"start":{"line":59,"column":4},"end":{"line":59,"column":28}},"29":{"start":{"line":60,"column":4},"end":{"line":60,"column":55}},"30":{"start":{"line":60,"column":27},"end":{"line":60,"column":55}},"31":{"start":{"line":62,"column":4},"end":{"line":67,"column":5}},"32":{"start":{"line":63,"column":22},"end":{"line":63,"column":53}},"33":{"start":{"line":64,"column":8},"end":{"line":64,"column":43}},"34":{"start":{"line":65,"column":8},"end":{"line":65,"column":60}},"35":{"start":{"line":66,"column":8},"end":{"line":66,"column":32}},"36":{"start":{"line":69,"column":4},"end":{"line":69,"column":34}},"37":{"start":{"line":70,"column":15},"end":{"line":70,"column":45}},"38":{"start":{"line":71,"column":4},"end":{"line":71,"column":25}},"39":{"start":{"line":72,"column":4},"end":{"line":72,"column":25}},"40":{"start":{"line":75,"column":0},"end":{"line":93,"column":10}},"41":{"start":{"line":76,"column":4},"end":{"line":92,"column":5}},"42":{"start":{"line":77,"column":8},"end":{"line":77,"column":45}},"43":{"start":{"line":78,"column":23},"end":{"line":78,"column":42}},"44":{"start":{"line":79,"column":28},"end":{"line":79,"column":66}},"45":{"start":{"line":80,"column":26},"end":{"line":80,"column":115}},"46":{"start":{"line":81,"column":8},"end":{"line":81,"column":74}},"47":{"start":{"line":81,"column":19},"end":{"line":81,"column":74}},"48":{"start":{"line":83,"column":9},"end":{"line":92,"column":5}},"49":{"start":{"line":84,"column":19},"end":{"line":84,"column":41}},"50":{"start":{"line":85,"column":23},"end":{"line":85,"column":36}},"51":{"start":{"line":86,"column":26},"end":{"line":86,"column":106}},"52":{"start":{"line":87,"column":8},"end":{"line":90,"column":9}},"53":{"start":{"line":88,"column":12},"end":{"line":88,"column":67}},"54":{"start":{"line":89,"column":12},"end":{"line":89,"column":19}},"55":{"start":{"line":91,"column":8},"end":{"line":91,"column":20}},"56":{"start":{"line":96,"column":34},"end":{"line":96,"column":72}},"57":{"start":{"line":97,"column":19},"end":{"line":97,"column":46}},"58":{"start":{"line":99,"column":28},"end":{"line":103,"column":32}},"59":{"start":{"line":105,"column":4},"end":{"line":108,"column":5}},"60":{"start":{"line":106,"column":8},"end":{"line":106,"column":62}},"61":{"start":{"line":107,"column":8},"end":{"line":107,"column":15}},"62":{"start":{"line":110,"column":4},"end":{"line":110,"column":33}},"63":{"start":{"line":111,"column":4},"end":{"line":111,"column":43}},"64":{"start":{"line":111,"column":25},"end":{"line":111,"column":41}},"65":{"start":{"line":115,"column":21},"end":{"line":115,"column":56}},"66":{"start":{"line":116,"column":4},"end":{"line":116,"column":25}},"67":{"start":{"line":116,"column":18},"end":{"line":116,"column":25}},"68":{"start":{"line":118,"column":34},"end":{"line":118,"column":72}},"69":{"start":{"line":119,"column":19},"end":{"line":119,"column":69}},"70":{"start":{"line":120,"column":4},"end":{"line":120,"column":23}},"71":{"start":{"line":120,"column":16},"end":{"line":120,"column":23}},"72":{"start":{"line":122,"column":4},"end":{"line":122,"column":63}},"73":{"start":{"line":123,"column":4},"end":{"line":131,"column":5}},"74":{"start":{"line":124,"column":8},"end":{"line":124,"column":51}},"75":{"start":{"line":126,"column":23},"end":{"line":126,"column":63}},"76":{"start":{"line":127,"column":8},"end":{"line":127,"column":85}},"77":{"start":{"line":127,"column":20},"end":{"line":127,"column":85}},"78":{"start":{"line":129,"column":30},"end":{"line":129,"column":70}},"79":{"start":{"line":130,"column":8},"end":{"line":130,"column":66}},"80":{"start":{"line":130,"column":27},"end":{"line":130,"column":66}},"81":{"start":{"line":134,"column":18},"end":{"line":134,"column":54}},"82":{"start":{"line":135,"column":0},"end":{"line":140,"column":1}},"83":{"start":{"line":136,"column":4},"end":{"line":139,"column":7}},"84":{"start":{"line":137,"column":8},"end":{"line":137,"column":44}},"85":{"start":{"line":138,"column":8},"end":{"line":138,"column":44}},"86":{"start":{"line":143,"column":21},"end":{"line":143,"column":59}},"87":{"start":{"line":144,"column":4},"end":{"line":147,"column":5}},"88":{"start":{"line":145,"column":8},"end":{"line":145,"column":44}},"89":{"start":{"line":146,"column":8},"end":{"line":146,"column":21}},"90":{"start":{"line":148,"column":4},"end":{"line":148,"column":16}},"91":{"start":{"line":151,"column":14},"end":{"line":156,"column":4}},"92":{"start":{"line":152,"column":23},"end":{"line":152,"column":43}},"93":{"start":{"line":153,"column":4},"end":{"line":153,"column":27}},"94":{"start":{"line":153,"column":20},"end":{"line":153,"column":27}},"95":{"start":{"line":154,"column":4},"end":{"line":154,"column":21}},"96":{"start":{"line":155,"column":4},"end":{"line":155,"column":25}},"97":{"start":{"line":158,"column":0},"end":{"line":160,"column":1}},"98":{"start":{"line":159,"column":4},"end":{"line":159,"column":114}}},"fnMap":{"0":{"name":"addTask","decl":{"start":{"line":7,"column":15},"end":{"line":7,"column":22}},"loc":{"start":{"line":7,"column":24},"end":{"line":39,"column":1}},"line":7},"1":{"name":"(anonymous_1)","decl":{"start":{"line":10,"column":19},"end":{"line":10,"column":20}},"loc":{"start":{"line":10,"column":23},"end":{"line":12,"column":9}},"line":10},"2":{"name":"(anonymous_2)","decl":{"start":{"line":31,"column":19},"end":{"line":31,"column":20}},"loc":{"start":{"line":31,"column":23},"end":{"line":33,"column":9}},"line":31},"3":{"name":"getCurrentUserFullName","decl":{"start":{"line":41,"column":15},"end":{"line":41,"column":37}},"loc":{"start":{"line":41,"column":45},"end":{"line":54,"column":1}},"line":41},"4":{"name":"renderTask","decl":{"start":{"line":56,"column":9},"end":{"line":56,"column":19}},"loc":{"start":{"line":56,"column":25},"end":{"line":73,"column":1}},"line":56},"5":{"name":"(anonymous_5)","decl":{"start":{"line":75,"column":40},"end":{"line":75,"column":41}},"loc":{"start":{"line":75,"column":57},"end":{"line":93,"column":1}},"line":75},"6":{"name":"showTask","decl":{"start":{"line":95,"column":15},"end":{"line":95,"column":23}},"loc":{"start":{"line":95,"column":25},"end":{"line":112,"column":1}},"line":95},"7":{"name":"(anonymous_7)","decl":{"start":{"line":111,"column":17},"end":{"line":111,"column":18}},"loc":{"start":{"line":111,"column":25},"end":{"line":111,"column":41}},"line":111},"8":{"name":"showUserInfo","decl":{"start":{"line":114,"column":15},"end":{"line":114,"column":27}},"loc":{"start":{"line":114,"column":29},"end":{"line":132,"column":1}},"line":114},"9":{"name":"(anonymous_9)","decl":{"start":{"line":136,"column":40},"end":{"line":136,"column":41}},"loc":{"start":{"line":136,"column":56},"end":{"line":139,"column":5}},"line":136},"10":{"name":"checkSession","decl":{"start":{"line":142,"column":15},"end":{"line":142,"column":27}},"loc":{"start":{"line":142,"column":29},"end":{"line":149,"column":1}},"line":142},"11":{"name":"init","decl":{"start":{"line":151,"column":30},"end":{"line":151,"column":34}},"loc":{"start":{"line":151,"column":36},"end":{"line":156,"column":1}},"line":151}},"branchMap":{"0":{"loc":{"start":{"line":8,"column":4},"end":{"line":14,"column":5}},"type":"if","locations":[{"start":{"line":8,"column":4},"end":{"line":14,"column":5}},{"start":{},"end":{}}],"line":8},"1":{"loc":{"start":{"line":19,"column":4},"end":{"line":21,"column":5}},"type":"if","locations":[{"start":{"line":19,"column":4},"end":{"line":21,"column":5}},{"start":{},"end":{}}],"line":19},"2":{"loc":{"start":{"line":28,"column":4},"end":{"line":35,"column":5}},"type":"if","locations":[{"start":{"line":28,"column":4},"end":{"line":35,"column":5}},{"start":{},"end":{}}],"line":28},"3":{"loc":{"start":{"line":48,"column":4},"end":{"line":51,"column":5}},"type":"if","locations":[{"start":{"line":48,"column":4},"end":{"line":51,"column":5}},{"start":{},"end":{}}],"line":48},"4":{"loc":{"start":{"line":53,"column":11},"end":{"line":53,"column":39}},"type":"cond-expr","locations":[{"start":{"line":53,"column":18},"end":{"line":53,"column":32}},{"start":{"line":53,"column":35},"end":{"line":53,"column":39}}],"line":53},"5":{"loc":{"start":{"line":60,"column":4},"end":{"line":60,"column":55}},"type":"if","locations":[{"start":{"line":60,"column":4},"end":{"line":60,"column":55}},{"start":{},"end":{}}],"line":60},"6":{"loc":{"start":{"line":62,"column":4},"end":{"line":67,"column":5}},"type":"if","locations":[{"start":{"line":62,"column":4},"end":{"line":67,"column":5}},{"start":{},"end":{}}],"line":62},"7":{"loc":{"start":{"line":76,"column":4},"end":{"line":92,"column":5}},"type":"if","locations":[{"start":{"line":76,"column":4},"end":{"line":92,"column":5}},{"start":{"line":83,"column":9},"end":{"line":92,"column":5}}],"line":76},"8":{"loc":{"start":{"line":81,"column":8},"end":{"line":81,"column":74}},"type":"if","locations":[{"start":{"line":81,"column":8},"end":{"line":81,"column":74}},{"start":{},"end":{}}],"line":81},"9":{"loc":{"start":{"line":83,"column":9},"end":{"line":92,"column":5}},"type":"if","locations":[{"start":{"line":83,"column":9},"end":{"line":92,"column":5}},{"start":{},"end":{}}],"line":83},"10":{"loc":{"start":{"line":87,"column":8},"end":{"line":90,"column":9}},"type":"if","locations":[{"start":{"line":87,"column":8},"end":{"line":90,"column":9}},{"start":{},"end":{}}],"line":87},"11":{"loc":{"start":{"line":105,"column":4},"end":{"line":108,"column":5}},"type":"if","locations":[{"start":{"line":105,"column":4},"end":{"line":108,"column":5}},{"start":{},"end":{}}],"line":105},"12":{"loc":{"start":{"line":116,"column":4},"end":{"line":116,"column":25}},"type":"if","locations":[{"start":{"line":116,"column":4},"end":{"line":116,"column":25}},{"start":{},"end":{}}],"line":116},"13":{"loc":{"start":{"line":119,"column":19},"end":{"line":119,"column":69}},"type":"binary-expr","locations":[{"start":{"line":119,"column":19},"end":{"line":119,"column":38}},{"start":{"line":119,"column":42},"end":{"line":119,"column":69}}],"line":119},"14":{"loc":{"start":{"line":120,"column":4},"end":{"line":120,"column":23}},"type":"if","locations":[{"start":{"line":120,"column":4},"end":{"line":120,"column":23}},{"start":{},"end":{}}],"line":120},"15":{"loc":{"start":{"line":123,"column":4},"end":{"line":131,"column":5}},"type":"if","locations":[{"start":{"line":123,"column":4},"end":{"line":131,"column":5}},{"start":{},"end":{}}],"line":123},"16":{"loc":{"start":{"line":127,"column":8},"end":{"line":127,"column":85}},"type":"if","locations":[{"start":{"line":127,"column":8},"end":{"line":127,"column":85}},{"start":{},"end":{}}],"line":127},"17":{"loc":{"start":{"line":130,"column":8},"end":{"line":130,"column":66}},"type":"if","locations":[{"start":{"line":130,"column":8},"end":{"line":130,"column":66}},{"start":{},"end":{}}],"line":130},"18":{"loc":{"start":{"line":135,"column":0},"end":{"line":140,"column":1}},"type":"if","locations":[{"start":{"line":135,"column":0},"end":{"line":140,"column":1}},{"start":{},"end":{}}],"line":135},"19":{"loc":{"start":{"line":144,"column":4},"end":{"line":147,"column":5}},"type":"if","locations":[{"start":{"line":144,"column":4},"end":{"line":147,"column":5}},{"start":{},"end":{}}],"line":144},"20":{"loc":{"start":{"line":153,"column":4},"end":{"line":153,"column":27}},"type":"if","locations":[{"start":{"line":153,"column":4},"end":{"line":153,"column":27}},{"start":{},"end":{}}],"line":153},"21":{"loc":{"start":{"line":158,"column":0},"end":{"line":160,"column":1}},"type":"if","locations":[{"start":{"line":158,"column":0},"end":{"line":160,"column":1}},{"start":{},"end":{}}],"line":158},"22":{"loc":{"start":{"line":158,"column":4},"end":{"line":158,"column":51}},"type":"binary-expr","locations":[{"start":{"line":158,"column":4},"end":{"line":158,"column":33}},{"start":{"line":158,"column":37},"end":{"line":158,"column":51}}],"line":158}},"s":{"0":18,"1":18,"2":18,"3":10,"4":1,"5":1,"6":0,"7":1,"8":9,"9":9,"10":9,"11":9,"12":9,"13":9,"14":1,"15":1,"16":1,"17":0,"18":1,"19":8,"20":8,"21":10,"22":10,"23":1,"24":1,"25":9,"26":8,"27":8,"28":8,"29":8,"30":0,"31":8,"32":7,"33":7,"34":7,"35":7,"36":8,"37":8,"38":8,"39":8,"40":18,"41":3,"42":1,"43":1,"44":1,"45":1,"46":1,"47":0,"48":2,"49":2,"50":2,"51":2,"52":2,"53":1,"54":1,"55":1,"56":17,"57":17,"58":17,"59":17,"60":1,"61":1,"62":16,"63":16,"64":0,"65":17,"66":17,"67":16,"68":1,"69":1,"70":1,"71":0,"72":1,"73":1,"74":1,"75":1,"76":1,"77":1,"78":1,"79":1,"80":1,"81":18,"82":18,"83":14,"84":1,"85":1,"86":18,"87":18,"88":1,"89":1,"90":17,"91":18,"92":18,"93":18,"94":1,"95":17,"96":17,"97":18,"98":18},"f":{"0":10,"1":0,"2":0,"3":10,"4":8,"5":3,"6":17,"7":0,"8":17,"9":1,"10":18,"11":18},"b":{"0":[1,9],"1":[9,0],"2":[1,8],"3":[1,9],"4":[9,0],"5":[0,8],"6":[7,1],"7":[1,2],"8":[0,1],"9":[2,0],"10":[1,1],"11":[1,16],"12":[16,1],"13":[1,1],"14":[0,1],"15":[1,0],"16":[1,0],"17":[1,0],"18":[14,4],"19":[1,17],"20":[1,17],"21":[18,0],"22":[18,18]},"_coverageSchema":"1a1c01bbd47fc00a2c39e90264f33305004495a9","hash":"c66320e0a7f0489dbbabfd723ed07022cb418680"}
}
