TN:
SF:script.js
FN:7,addTask
FN:10,(anonymous_1)
FN:31,(anonymous_2)
FN:41,getCurrentUserFullName
FN:56,renderTask
FN:75,(anonymous_5)
FN:95,showTask
FN:111,(anonymous_7)
FN:114,showUserInfo
FN:136,(anonymous_9)
FN:142,checkSession
FN:151,init
FNF:12
FNH:9
FNDA:10,addTask
FNDA:0,(anonymous_1)
FNDA:0,(anonymous_2)
FNDA:10,getCurrentUserFullName
FNDA:8,renderTask
FNDA:3,(anonymous_5)
FNDA:17,showTask
FNDA:0,(anonymous_7)
FNDA:17,showUserInfo
FNDA:1,(anonymous_9)
FNDA:18,checkSession
FNDA:18,init
DA:1,18
DA:2,18
DA:4,18
DA:8,10
DA:9,1
DA:10,1
DA:11,0
DA:13,1
DA:16,9
DA:17,9
DA:19,9
DA:20,9
DA:23,9
DA:28,9
DA:29,1
DA:30,1
DA:31,1
DA:32,0
DA:34,1
DA:37,8
DA:38,8
DA:42,10
DA:48,10
DA:49,1
DA:50,1
DA:53,9
DA:57,8
DA:58,8
DA:59,8
DA:60,8
DA:62,8
DA:63,7
DA:64,7
DA:65,7
DA:66,7
DA:69,8
DA:70,8
DA:71,8
DA:72,8
DA:75,18
DA:76,3
DA:77,1
DA:78,1
DA:79,1
DA:80,1
DA:81,1
DA:83,2
DA:84,2
DA:85,2
DA:86,2
DA:87,2
DA:88,1
DA:89,1
DA:91,1
DA:96,17
DA:97,17
DA:99,17
DA:105,17
DA:106,1
DA:107,1
DA:110,16
DA:111,16
DA:115,17
DA:116,17
DA:118,1
DA:119,1
DA:120,1
DA:122,1
DA:123,1
DA:124,1
DA:126,1
DA:127,1
DA:129,1
DA:130,1
DA:134,18
DA:135,18
DA:136,14
DA:137,1
DA:138,1
DA:143,18
DA:144,18
DA:145,1
DA:146,1
DA:148,17
DA:151,18
DA:152,18
DA:153,18
DA:154,17
DA:155,17
DA:158,18
DA:159,18
LF:91
LH:89
BRDA:8,0,0,1
BRDA:8,0,1,9
BRDA:19,1,0,9
BRDA:19,1,1,0
BRDA:28,2,0,1
BRDA:28,2,1,8
BRDA:48,3,0,1
BRDA:48,3,1,9
BRDA:53,4,0,9
BRDA:53,4,1,0
BRDA:60,5,0,0
BRDA:60,5,1,8
BRDA:62,6,0,7
BRDA:62,6,1,1
BRDA:76,7,0,1
BRDA:76,7,1,2
BRDA:81,8,0,0
BRDA:81,8,1,1
BRDA:83,9,0,2
BRDA:83,9,1,0
BRDA:87,10,0,1
BRDA:87,10,1,1
BRDA:105,11,0,1
BRDA:105,11,1,16
BRDA:116,12,0,16
BRDA:116,12,1,1
BRDA:119,13,0,1
BRDA:119,13,1,1
BRDA:120,14,0,0
BRDA:120,14,1,1
BRDA:123,15,0,1
BRDA:123,15,1,0
BRDA:127,16,0,1
BRDA:127,16,1,0
BRDA:130,17,0,1
BRDA:130,17,1,0
BRDA:135,18,0,14
BRDA:135,18,1,4
BRDA:144,19,0,1
BRDA:144,19,1,17
BRDA:153,20,0,1
BRDA:153,20,1,17
BRDA:158,21,0,18
BRDA:158,21,1,0
BRDA:158,22,0,18
BRDA:158,22,1,18
BRF:46
BRH:36
end_of_record
